INFO 2020-04-21 00:58:22,672 gamma_api.cc:300 Version [[sha1]:9129311 [author]:qiutianme [time]:2020-04-06 14:49:03 +0800 [branch]: (HEAD, origin/master, origin/HEAD, master)]
INFO 2020-04-21 00:58:22,680 profile.cc:48 Profile created success!
INFO 2020-04-21 00:58:22,680 gamma_engine.cc:321 GammaEngine setup successed!
INFO 2020-04-21 00:58:22,680 gamma_api.cc:312 Engine init successed!
INFO 2020-04-21 00:58:22,681 gamma_api.cc:323 api-CreateTable
INFO 2020-04-21 00:58:22,681 gamma_engine.cc:585 start create table 
INFO 2020-04-21 00:58:22,681 vector_manager.cc:55 ivfpq parameters: metric_type=0, nprobe=10, ncentroids=256, nsubvector=8, nbits_per_idx=8
INFO 2020-04-21 00:58:22,681 raw_vector_factory.h:34 store parameters={cache size=2097152000}
INFO 2020-04-21 00:58:22,735 vector_buffer_queue.cc:76 vector buffer queue init success! buffer byte size=2097152000, buffer vector size=13107200, chunk number=1024, stored number=0
INFO 2020-04-21 00:58:22,736 vector_file_mapper.cc:61 map success! max byte size=1600000000, file path=datas1/data/1/features.fet, offset=0, mapped vector number=0
INFO 2020-04-21 00:58:22,736 mmap_raw_vector.cc:125 init success! vector byte size=160, flush batch size=1000, memory only=1, dimension=40, ntotal=0
INFO 2020-04-21 00:58:22,736 raw_vector.cc:420 start flushing, raw vector=features
INFO 2020-04-21 00:58:22,736 raw_vector.cc:381 flusher=features is started!
INFO 2020-04-21 00:58:22,737 gamma_index_factory.h:31 Create index model [0]
INFO 2020-04-21 00:58:22,776 realtime_mem_data.cc:76 ===init total_mem_bytes is 40963072===
INFO 2020-04-21 00:58:22,776 profile.cc:148 Add field name [_id], type [4], index [0]
INFO 2020-04-21 00:58:22,777 profile.cc:148 Add field name [_version], type [1], index [0]
INFO 2020-04-21 00:58:22,777 profile.cc:148 Add field name [_slot], type [0], index [0]
INFO 2020-04-21 00:58:22,777 profile.cc:148 Add field name [url], type [4], index [0]
INFO 2020-04-21 00:58:22,852 profile.cc:186 Create table 1 success!
INFO 2020-04-21 00:58:22,853 gamma_engine.cc:616 create table [1] success!
INFO 2020-04-21 00:58:22,853 gamma_api.cc:326 api-CreateTable
INFO 2020-04-21 01:42:34,340 gamma_api.cc:300 Version [[sha1]:9129311 [author]:qiutianme [time]:2020-04-06 14:49:03 +0800 [branch]: (HEAD, origin/master, origin/HEAD, master)]
INFO 2020-04-21 01:42:34,346 profile.cc:48 Profile created success!
INFO 2020-04-21 01:42:34,354 gamma_engine.cc:321 GammaEngine setup successed!
INFO 2020-04-21 01:42:34,356 gamma_api.cc:312 Engine init successed!
INFO 2020-04-21 01:42:34,357 gamma_api.cc:323 api-CreateTable
INFO 2020-04-21 01:42:34,357 gamma_engine.cc:585 start create table 
INFO 2020-04-21 01:42:34,357 vector_manager.cc:55 ivfpq parameters: metric_type=0, nprobe=10, ncentroids=256, nsubvector=8, nbits_per_idx=8
INFO 2020-04-21 01:42:34,357 raw_vector_factory.h:34 store parameters={cache size=2097152000}
INFO 2020-04-21 01:42:34,410 vector_buffer_queue.cc:76 vector buffer queue init success! buffer byte size=2097152000, buffer vector size=13107200, chunk number=1024, stored number=0
INFO 2020-04-21 01:42:34,410 vector_file_mapper.cc:61 map success! max byte size=1600000000, file path=datas1/data/1/features.fet, offset=0, mapped vector number=0
INFO 2020-04-21 01:42:34,411 mmap_raw_vector.cc:125 init success! vector byte size=160, flush batch size=1000, memory only=1, dimension=40, ntotal=0
INFO 2020-04-21 01:42:34,411 raw_vector.cc:420 start flushing, raw vector=features
INFO 2020-04-21 01:42:34,411 gamma_index_factory.h:31 Create index model [0]
INFO 2020-04-21 01:42:34,411 raw_vector.cc:381 flusher=features is started!
INFO 2020-04-21 01:42:34,450 realtime_mem_data.cc:76 ===init total_mem_bytes is 40963072===
INFO 2020-04-21 01:42:34,450 profile.cc:148 Add field name [_id], type [4], index [0]
INFO 2020-04-21 01:42:34,450 profile.cc:148 Add field name [_version], type [1], index [0]
INFO 2020-04-21 01:42:34,450 profile.cc:148 Add field name [_slot], type [0], index [0]
INFO 2020-04-21 01:42:34,450 profile.cc:148 Add field name [url], type [4], index [0]
INFO 2020-04-21 01:42:34,492 profile.cc:186 Create table 1 success!
INFO 2020-04-21 01:42:34,492 gamma_engine.cc:616 create table [1] success!
INFO 2020-04-21 01:42:34,493 gamma_api.cc:326 api-CreateTable
INFO 2020-04-21 01:42:34,493 gamma_api.cc:404 api-Load
INFO 2020-04-21 01:42:34,493 gamma_engine.cc:1052 start Load 
INFO 2020-04-21 01:42:34,493 gamma_engine.cc:1066 dump_path_ datas1/data/1/dump
INFO 2020-04-21 01:42:34,493 gamma_engine.cc:1091 no folder is found, skip loading!
INFO 2020-04-21 01:42:34,493 gamma_api.cc:407 api-Load
INFO 2020-04-21 01:47:57,635 gamma_api.cc:317 Close
INFO 2020-04-21 01:48:00,361 gamma_engine.cc:929 Build field index exited!
INFO 2020-04-21 01:48:00,442 raw_vector.cc:387 flusher=features exit successfully!
INFO 2020-04-21 01:48:00,442 raw_vector.cc:429 stop flushing, raw vector=features
INFO 2020-04-21 01:48:00,470 field_range_index.cc:988 FieldOperateWorker exited!
INFO 2020-04-21 01:48:00,472 field_range_index.cc:963 ResourceRecoveryWorker exited!
INFO 2020-04-21 02:17:35,863 gamma_api.cc:300 Version [[sha1]:9129311 [author]:qiutianme [time]:2020-04-06 14:49:03 +0800 [branch]: (HEAD, origin/master, origin/HEAD, master)]
INFO 2020-04-21 02:17:35,900 profile.cc:48 Profile created success!
INFO 2020-04-21 02:17:35,901 gamma_engine.cc:321 GammaEngine setup successed!
INFO 2020-04-21 02:17:35,901 gamma_api.cc:312 Engine init successed!
INFO 2020-04-21 02:17:35,901 gamma_api.cc:323 api-CreateTable
INFO 2020-04-21 02:17:35,901 gamma_engine.cc:585 start create table 
INFO 2020-04-21 02:17:35,901 vector_manager.cc:55 ivfpq parameters: metric_type=0, nprobe=10, ncentroids=256, nsubvector=8, nbits_per_idx=8
INFO 2020-04-21 02:17:35,901 raw_vector_factory.h:34 store parameters={cache size=2097152000}
INFO 2020-04-21 02:17:35,902 vector_buffer_queue.cc:76 vector buffer queue init success! buffer byte size=2097152000, buffer vector size=13107200, chunk number=1024, stored number=0
INFO 2020-04-21 02:17:35,902 vector_file_mapper.cc:61 map success! max byte size=16000000, file path=datas1/data/3/features.fet, offset=0, mapped vector number=0
INFO 2020-04-21 02:17:35,902 mmap_raw_vector.cc:125 init success! vector byte size=160, flush batch size=1000, memory only=1, dimension=40, ntotal=0
INFO 2020-04-21 02:17:35,902 raw_vector.cc:420 start flushing, raw vector=features
INFO 2020-04-21 02:17:35,902 raw_vector.cc:381 flusher=features is started!
INFO 2020-04-21 02:17:35,902 gamma_index_factory.h:31 Create index model [0]
INFO 2020-04-21 02:17:35,904 realtime_mem_data.cc:76 ===init total_mem_bytes is 40963072===
INFO 2020-04-21 02:17:35,904 profile.cc:148 Add field name [_id], type [4], index [0]
INFO 2020-04-21 02:17:35,904 profile.cc:148 Add field name [_version], type [1], index [0]
INFO 2020-04-21 02:17:35,904 profile.cc:148 Add field name [_slot], type [0], index [0]
INFO 2020-04-21 02:17:35,905 profile.cc:148 Add field name [url], type [4], index [0]
INFO 2020-04-21 02:17:35,952 profile.cc:186 Create table 3 success!
INFO 2020-04-21 02:17:35,952 gamma_engine.cc:616 create table [3] success!
INFO 2020-04-21 02:17:35,952 gamma_api.cc:326 api-CreateTable
INFO 2020-04-21 02:17:52,060 gamma_api.cc:339 api-AddOrUpdateDoc
INFO 2020-04-21 02:17:52,060 gamma_engine.cc:659 AddOrUpdate
INFO 2020-04-21 02:17:52,060 gamma_engine.cc:687 docid == -1 Add
INFO 2020-04-21 02:17:52,060 profile.cc:319 Add item _id [AXGahwSmAkKsEQAC5F1t], num [0], is_existed=0
INFO 2020-04-21 02:17:52,060 raw_vector.cc:273 Add featureNum=300
INFO 2020-04-21 02:17:52,060 raw_vector.cc:317 finish Add=
INFO 2020-04-21 02:17:52,060 gamma_engine.cc:721 end AddOrUpdate
INFO 2020-04-21 02:17:52,060 gamma_api.cc:342 api-AddOrUpdateDoc
INFO 2020-04-21 02:21:16,002 gamma_api.cc:339 api-AddOrUpdateDoc
INFO 2020-04-21 02:21:16,010 gamma_engine.cc:659 AddOrUpdate
INFO 2020-04-21 02:21:16,013 gamma_engine.cc:687 docid == -1 Add
INFO 2020-04-21 02:21:16,017 raw_vector.cc:273 Add featureNum=300
INFO 2020-04-21 02:21:16,017 raw_vector.cc:317 finish Add=
INFO 2020-04-21 02:21:16,017 gamma_engine.cc:721 end AddOrUpdate
INFO 2020-04-21 02:21:16,017 gamma_api.cc:342 api-AddOrUpdateDoc
